SpeechBrain system description
==============================
Python version:
3.10.4 (main, Mar 31 2022, 08:41:55) [GCC 7.5.0]
==============================
Installed Python packages:
appdirs==1.4.4
attrs==22.2.0
black==19.10b0
certifi @ file:///croot/certifi_1671487769961/work/certifi
cfgv==3.3.1
charset-normalizer==3.1.0
click==8.0.4
cmake==3.26.0
distlib==0.3.6
entrypoints==0.3
filelock==3.10.0
flake8==3.7.9
huggingface-hub==0.13.3
HyperPyYAML==1.1.0
identify==2.5.21
idna==3.4
Jinja2==3.1.2
joblib==1.2.0
lit==16.0.0
MarkupSafe==2.1.2
mccabe==0.6.1
more-itertools==9.1.0
mpmath==1.3.0
networkx==3.0
nodeenv==1.7.0
numpy==1.24.2
nvidia-cublas-cu11==11.10.3.66
nvidia-cuda-cupti-cu11==11.7.101
nvidia-cuda-nvrtc-cu11==11.7.99
nvidia-cuda-runtime-cu11==11.7.99
nvidia-cudnn-cu11==8.5.0.96
nvidia-cufft-cu11==10.9.0.58
nvidia-curand-cu11==10.2.10.91
nvidia-cusolver-cu11==11.4.0.1
nvidia-cusparse-cu11==11.7.4.91
nvidia-nccl-cu11==2.14.3
nvidia-nvtx-cu11==11.7.91
packaging==23.0
pathspec==0.11.1
platformdirs==3.1.1
pluggy==0.13.1
pre-commit==3.2.0
py==1.11.0
pycodestyle==2.5.0
pyflakes==2.1.1
pytest==5.4.1
PyYAML==6.0
regex==2022.10.31
requests==2.28.2
ruamel.yaml==0.17.21
ruamel.yaml.clib==0.2.7
scikit-learn==1.2.2
scipy==1.8.1
sentencepiece==0.1.97
speechbrain==0.5.14
sympy==1.11.1
threadpoolctl==3.1.0
toml==0.10.2
torch==2.0.0
torchaudio==2.0.1
tqdm==4.65.0
triton==2.0.0
typed-ast==1.5.4
typing_extensions==4.5.0
urllib3==1.26.15
virtualenv==20.21.0
wcwidth==0.2.6
yamllint==1.23.0
==============================
Git revision:
3355dc2
==============================
CUDA version:
11.7